<?xml version="1.0" encoding="UTF-8"?>
<!-- Generated by org.testng.reporters.JUnitReportReporter -->
<testsuite hostname="Collaberas-MacBook-Pro.local" failures="0" tests="8" name="Android.tests.Test.AppiumAndroidTabletMain" time="60.520" errors="0" timestamp="2023-05-13T23:37:46 PST" skipped="0">
  <testcase classname="Android.tests.Test.AppiumAndroidTabletMain" name="applLaunch" time="5.962"/>
  <system-out/>
  <testcase classname="Android.tests.Test.AppiumAndroidTabletMain" name="Register" time="11.661"/>
  <system-out/>
  <testcase classname="Android.tests.Test.AppiumAndroidTabletMain" name="Login" time="5.064"/>
  <system-out/>
  <testcase classname="Android.tests.Test.AppiumAndroidTabletMain" name="transactHistory" time="9.659"/>
  <system-out/>
  <testcase classname="Android.tests.Test.AppiumAndroidTabletMain" name="transactHistory2" time="11.827"/>
  <system-out/>
  <testcase classname="Android.tests.Test.AppiumAndroidTabletMain" name="trans" time="9.275"/>
  <system-out/>
  <testcase classname="Android.tests.Test.AppiumAndroidTabletMain" name="delAccount" time="1.675"/>
  <system-out/>
  <testcase classname="Android.tests.Test.AppiumAndroidTabletMain" name="testLogin" time="5.397"/>
  <system-out/>
</testsuite> <!-- Android.tests.Test.AppiumAndroidTabletMain -->
