<?xml version="1.0" encoding="UTF-8"?>
<!-- Generated by org.testng.reporters.JUnitReportReporter -->
<testsuite hostname="Collaberas-MacBook-Pro.local" failures="0" tests="8" name="Android.tests.Test.AppiumAndroidTabletMain" time="60.617" errors="0" timestamp="2023-05-15T15:39:41 PST" skipped="0">
  <testcase classname="Android.tests.Test.AppiumAndroidTabletMain" name="applLaunch" time="7.047"/>
  <system-out/>
  <testcase classname="Android.tests.Test.AppiumAndroidTabletMain" name="Register" time="9.926"/>
  <system-out/>
  <testcase classname="Android.tests.Test.AppiumAndroidTabletMain" name="Login" time="4.915"/>
  <system-out/>
  <testcase classname="Android.tests.Test.AppiumAndroidTabletMain" name="transactHistory" time="8.799"/>
  <system-out/>
  <testcase classname="Android.tests.Test.AppiumAndroidTabletMain" name="transactHistory2" time="13.615"/>
  <system-out/>
  <testcase classname="Android.tests.Test.AppiumAndroidTabletMain" name="trans" time="9.332"/>
  <system-out/>
  <testcase classname="Android.tests.Test.AppiumAndroidTabletMain" name="delAccount" time="1.741"/>
  <system-out/>
  <testcase classname="Android.tests.Test.AppiumAndroidTabletMain" name="testLogin" time="5.242"/>
  <system-out/>
</testsuite> <!-- Android.tests.Test.AppiumAndroidTabletMain -->
