<?xml version="1.0" encoding="UTF-8"?>
<!-- Generated by org.testng.reporters.JUnitReportReporter -->
<testsuite hostname="Collaberas-MacBook-Pro.local" failures="0" tests="8" name="Android.tests.Test.AppiumMain" time="62.899" errors="0" timestamp="2023-05-13T23:17:37 PST" skipped="0">
  <testcase classname="Android.tests.Test.AppiumMain" name="applLaunch" time="6.312"/>
  <system-out/>
  <testcase classname="Android.tests.Test.AppiumMain" name="Register" time="12.978"/>
  <system-out/>
  <testcase classname="Android.tests.Test.AppiumMain" name="Login" time="5.480"/>
  <system-out/>
  <testcase classname="Android.tests.Test.AppiumMain" name="transactHistory" time="10.868"/>
  <system-out/>
  <testcase classname="Android.tests.Test.AppiumMain" name="transactHistory2" time="10.376"/>
  <system-out/>
  <testcase classname="Android.tests.Test.AppiumMain" name="trans" time="9.285"/>
  <system-out/>
  <testcase classname="Android.tests.Test.AppiumMain" name="delAccount" time="2.202"/>
  <system-out/>
  <testcase classname="Android.tests.Test.AppiumMain" name="testLogin" time="5.398"/>
  <system-out/>
</testsuite> <!-- Android.tests.Test.AppiumMain -->
