<?xml version="1.0" encoding="UTF-8"?>
<!-- Generated by org.testng.reporters.JUnitReportReporter -->
<testsuite hostname="Collaberas-MacBook-Pro.local" failures="0" tests="8" name="Android.tests.Test.BaseClass" time="62.916" errors="0" timestamp="2023-05-12T03:04:02 PST" skipped="0">
  <testcase classname="Android.tests.Test.BaseClass" name="applLaunch" time="12.975"/>
  <system-out/>
  <testcase classname="Android.tests.Test.BaseClass" name="Register" time="11.553"/>
  <system-out/>
  <testcase classname="Android.tests.Test.BaseClass" name="Login" time="4.570"/>
  <system-out/>
  <testcase classname="Android.tests.Test.BaseClass" name="transactHistory" time="8.902"/>
  <system-out/>
  <testcase classname="Android.tests.Test.BaseClass" name="transactHistory2" time="9.643"/>
  <system-out/>
  <testcase classname="Android.tests.Test.BaseClass" name="trans" time="7.547"/>
  <system-out/>
  <testcase classname="Android.tests.Test.BaseClass" name="delAccount" time="2.426"/>
  <system-out/>
  <testcase classname="Android.tests.Test.BaseClass" name="testLogin" time="5.300"/>
  <system-out/>
</testsuite> <!-- Android.tests.Test.BaseClass -->
