<?xml version="1.0" encoding="UTF-8"?>
<!-- Generated by org.testng.reporters.JUnitReportReporter -->
<testsuite hostname="Collaberas-MacBook-Pro.local" failures="0" tests="1" name="Android.tests.Test.LaunchSample" time="7.332" errors="0" timestamp="2023-05-10T16:14:04 PST" skipped="0">
  <testcase classname="Android.tests.Test.LaunchSample" name="configureAppLaunch" time="7.332"/>
  <system-out/>
</testsuite> <!-- Android.tests.Test.LaunchSample -->
