<?xml version="1.0" encoding="UTF-8"?>
<!-- Generated by org.testng.reporters.JUnitReportReporter -->
<testsuite hostname="Collaberas-MacBook-Pro.local" failures="0" tests="8" name="Android.tests.Test.AppiumAndroidPhoneMain" time="64.658" errors="0" timestamp="2023-05-15T15:31:40 PST" skipped="0">
  <testcase classname="Android.tests.Test.AppiumAndroidPhoneMain" name="applLaunch" time="6.299"/>
  <system-out/>
  <testcase classname="Android.tests.Test.AppiumAndroidPhoneMain" name="Register" time="12.535"/>
  <system-out/>
  <testcase classname="Android.tests.Test.AppiumAndroidPhoneMain" name="Login" time="5.847"/>
  <system-out/>
  <testcase classname="Android.tests.Test.AppiumAndroidPhoneMain" name="transactHistory" time="10.358"/>
  <system-out/>
  <testcase classname="Android.tests.Test.AppiumAndroidPhoneMain" name="transactHistory2" time="14.015"/>
  <system-out/>
  <testcase classname="Android.tests.Test.AppiumAndroidPhoneMain" name="trans" time="8.803"/>
  <system-out/>
  <testcase classname="Android.tests.Test.AppiumAndroidPhoneMain" name="delAccount" time="2.354"/>
  <system-out/>
  <testcase classname="Android.tests.Test.AppiumAndroidPhoneMain" name="testLogin" time="4.447"/>
  <system-out/>
</testsuite> <!-- Android.tests.Test.AppiumAndroidPhoneMain -->
